2020-06-30 12:12:58.089  INFO 12736 --- [main] com.xue.study.NettySSStarter             : Starting NettySSStarter on WIN-0AJUGA8QAC6 with PID 12736 (F:\2020\pro\network-training\netty-serversocket\target\classes started by Administrator in F:\2020\pro\network-training)
2020-06-30 12:12:58.092  INFO 12736 --- [main] com.xue.study.NettySSStarter             : No active profile set, falling back to default profiles: default
2020-06-30 12:12:58.709  INFO 12736 --- [main] o.s.b.w.embedded.tomcat.TomcatWebServer  : Tomcat initialized with port(s): 8202 (http)
2020-06-30 12:12:58.714  INFO 12736 --- [main] o.apache.catalina.core.StandardService   : Starting service [Tomcat]
2020-06-30 12:12:58.715  INFO 12736 --- [main] org.apache.catalina.core.StandardEngine  : Starting Servlet engine: [Apache Tomcat/9.0.27]
2020-06-30 12:12:58.769  INFO 12736 --- [main] o.a.c.c.C.[Tomcat].[localhost].[/]       : Initializing Spring embedded WebApplicationContext
2020-06-30 12:12:58.770  INFO 12736 --- [main] o.s.web.context.ContextLoader            : Root WebApplicationContext: initialization completed in 635 ms
2020-06-30 12:12:58.862  INFO 12736 --- [main] o.s.s.concurrent.ThreadPoolTaskExecutor  : Initializing ExecutorService 'applicationTaskExecutor'
2020-06-30 12:12:58.968  INFO 12736 --- [main] o.s.b.w.embedded.tomcat.TomcatWebServer  : Tomcat started on port(s): 8202 (http) with context path ''
2020-06-30 12:12:58.971  INFO 12736 --- [main] com.xue.study.NettySSStarter             : Started NettySSStarter in 1.207 seconds (JVM running for 2.096)
2020-06-30 12:12:58.973  INFO 12736 --- [main] com.xue.study.NettySSStarter             : ### welcome to netty-serversocket ###
2020-06-30 16:20:46.042  INFO 12648 --- [main] com.xue.study.NettySSStarter             : Starting NettySSStarter on WIN-0AJUGA8QAC6 with PID 12648 (F:\2020\pro\network-training\netty-serversocket\target\classes started by Administrator in F:\2020\pro\network-training)
2020-06-30 16:20:46.046  INFO 12648 --- [main] com.xue.study.NettySSStarter             : No active profile set, falling back to default profiles: default
2020-06-30 16:20:46.874  INFO 12648 --- [main] o.s.b.w.embedded.tomcat.TomcatWebServer  : Tomcat initialized with port(s): 8202 (http)
2020-06-30 16:20:46.882  INFO 12648 --- [main] o.apache.catalina.core.StandardService   : Starting service [Tomcat]
2020-06-30 16:20:46.883  INFO 12648 --- [main] org.apache.catalina.core.StandardEngine  : Starting Servlet engine: [Apache Tomcat/9.0.27]
2020-06-30 16:20:46.953  INFO 12648 --- [main] o.a.c.c.C.[Tomcat].[localhost].[/]       : Initializing Spring embedded WebApplicationContext
2020-06-30 16:20:46.954  INFO 12648 --- [main] o.s.web.context.ContextLoader            : Root WebApplicationContext: initialization completed in 859 ms
2020-06-30 16:20:47.006  WARN 12648 --- [main] ConfigServletWebServerApplicationContext : Exception encountered during context initialization - cancelling refresh attempt: org.springframework.beans.factory.BeanCreationException: Error creating bean with name 'socketIoConfig': Injection of autowired dependencies failed; nested exception is java.lang.IllegalArgumentException: Could not resolve placeholder 'io.netty.workerThreads' in value "${io.netty.workerThreads}"
2020-06-30 16:20:47.009  INFO 12648 --- [main] o.apache.catalina.core.StandardService   : Stopping service [Tomcat]
2020-06-30 16:20:47.018  INFO 12648 --- [main] ConditionEvaluationReportLoggingListener : 

Error starting ApplicationContext. To display the conditions report re-run your application with 'debug' enabled.
2020-06-30 16:20:47.028 ERROR 12648 --- [main] o.s.boot.SpringApplication               : Application run failed

org.springframework.beans.factory.BeanCreationException: Error creating bean with name 'socketIoConfig': Injection of autowired dependencies failed; nested exception is java.lang.IllegalArgumentException: Could not resolve placeholder 'io.netty.workerThreads' in value "${io.netty.workerThreads}"
	at org.springframework.beans.factory.annotation.AutowiredAnnotationBeanPostProcessor.postProcessProperties(AutowiredAnnotationBeanPostProcessor.java:403) ~[spring-beans-5.2.0.RELEASE.jar:5.2.0.RELEASE]
	at org.springframework.beans.factory.support.AbstractAutowireCapableBeanFactory.populateBean(AbstractAutowireCapableBeanFactory.java:1429) ~[spring-beans-5.2.0.RELEASE.jar:5.2.0.RELEASE]
	at org.springframework.beans.factory.support.AbstractAutowireCapableBeanFactory.doCreateBean(AbstractAutowireCapableBeanFactory.java:594) ~[spring-beans-5.2.0.RELEASE.jar:5.2.0.RELEASE]
	at org.springframework.beans.factory.support.AbstractAutowireCapableBeanFactory.createBean(AbstractAutowireCapableBeanFactory.java:517) ~[spring-beans-5.2.0.RELEASE.jar:5.2.0.RELEASE]
	at org.springframework.beans.factory.support.AbstractBeanFactory.lambda$doGetBean$0(AbstractBeanFactory.java:323) ~[spring-beans-5.2.0.RELEASE.jar:5.2.0.RELEASE]
	at org.springframework.beans.factory.support.DefaultSingletonBeanRegistry.getSingleton(DefaultSingletonBeanRegistry.java:222) ~[spring-beans-5.2.0.RELEASE.jar:5.2.0.RELEASE]
	at org.springframework.beans.factory.support.AbstractBeanFactory.doGetBean(AbstractBeanFactory.java:321) ~[spring-beans-5.2.0.RELEASE.jar:5.2.0.RELEASE]
	at org.springframework.beans.factory.support.AbstractBeanFactory.getBean(AbstractBeanFactory.java:202) ~[spring-beans-5.2.0.RELEASE.jar:5.2.0.RELEASE]
	at org.springframework.beans.factory.support.DefaultListableBeanFactory.preInstantiateSingletons(DefaultListableBeanFactory.java:879) ~[spring-beans-5.2.0.RELEASE.jar:5.2.0.RELEASE]
	at org.springframework.context.support.AbstractApplicationContext.finishBeanFactoryInitialization(AbstractApplicationContext.java:878) ~[spring-context-5.2.0.RELEASE.jar:5.2.0.RELEASE]
	at org.springframework.context.support.AbstractApplicationContext.refresh(AbstractApplicationContext.java:550) ~[spring-context-5.2.0.RELEASE.jar:5.2.0.RELEASE]
	at org.springframework.boot.web.servlet.context.ServletWebServerApplicationContext.refresh(ServletWebServerApplicationContext.java:141) ~[spring-boot-2.2.0.RELEASE.jar:2.2.0.RELEASE]
	at org.springframework.boot.SpringApplication.refresh(SpringApplication.java:747) [spring-boot-2.2.0.RELEASE.jar:2.2.0.RELEASE]
	at org.springframework.boot.SpringApplication.refreshContext(SpringApplication.java:397) [spring-boot-2.2.0.RELEASE.jar:2.2.0.RELEASE]
	at org.springframework.boot.SpringApplication.run(SpringApplication.java:315) [spring-boot-2.2.0.RELEASE.jar:2.2.0.RELEASE]
	at org.springframework.boot.SpringApplication.run(SpringApplication.java:1226) [spring-boot-2.2.0.RELEASE.jar:2.2.0.RELEASE]
	at org.springframework.boot.SpringApplication.run(SpringApplication.java:1215) [spring-boot-2.2.0.RELEASE.jar:2.2.0.RELEASE]
	at com.xue.study.NettySSStarter.main(NettySSStarter.java:17) [classes/:na]
Caused by: java.lang.IllegalArgumentException: Could not resolve placeholder 'io.netty.workerThreads' in value "${io.netty.workerThreads}"
	at org.springframework.util.PropertyPlaceholderHelper.parseStringValue(PropertyPlaceholderHelper.java:178) ~[spring-core-5.2.0.RELEASE.jar:5.2.0.RELEASE]
	at org.springframework.util.PropertyPlaceholderHelper.replacePlaceholders(PropertyPlaceholderHelper.java:124) ~[spring-core-5.2.0.RELEASE.jar:5.2.0.RELEASE]
	at org.springframework.core.env.AbstractPropertyResolver.doResolvePlaceholders(AbstractPropertyResolver.java:236) ~[spring-core-5.2.0.RELEASE.jar:5.2.0.RELEASE]
	at org.springframework.core.env.AbstractPropertyResolver.resolveRequiredPlaceholders(AbstractPropertyResolver.java:210) ~[spring-core-5.2.0.RELEASE.jar:5.2.0.RELEASE]
	at org.springframework.context.support.PropertySourcesPlaceholderConfigurer.lambda$processProperties$0(PropertySourcesPlaceholderConfigurer.java:175) ~[spring-context-5.2.0.RELEASE.jar:5.2.0.RELEASE]
	at org.springframework.beans.factory.support.AbstractBeanFactory.resolveEmbeddedValue(AbstractBeanFactory.java:908) ~[spring-beans-5.2.0.RELEASE.jar:5.2.0.RELEASE]
	at org.springframework.beans.factory.support.DefaultListableBeanFactory.doResolveDependency(DefaultListableBeanFactory.java:1228) ~[spring-beans-5.2.0.RELEASE.jar:5.2.0.RELEASE]
	at org.springframework.beans.factory.support.DefaultListableBeanFactory.resolveDependency(DefaultListableBeanFactory.java:1207) ~[spring-beans-5.2.0.RELEASE.jar:5.2.0.RELEASE]
	at org.springframework.beans.factory.annotation.AutowiredAnnotationBeanPostProcessor$AutowiredFieldElement.inject(AutowiredAnnotationBeanPostProcessor.java:636) ~[spring-beans-5.2.0.RELEASE.jar:5.2.0.RELEASE]
	at org.springframework.beans.factory.annotation.InjectionMetadata.inject(InjectionMetadata.java:116) ~[spring-beans-5.2.0.RELEASE.jar:5.2.0.RELEASE]
	at org.springframework.beans.factory.annotation.AutowiredAnnotationBeanPostProcessor.postProcessProperties(AutowiredAnnotationBeanPostProcessor.java:397) ~[spring-beans-5.2.0.RELEASE.jar:5.2.0.RELEASE]
	... 17 common frames omitted

2020-06-30 16:21:41.513  INFO 6840 --- [main] com.xue.study.NettySSStarter             : Starting NettySSStarter on WIN-0AJUGA8QAC6 with PID 6840 (F:\2020\pro\network-training\netty-serversocket\target\classes started by Administrator in F:\2020\pro\network-training)
2020-06-30 16:21:41.516  INFO 6840 --- [main] com.xue.study.NettySSStarter             : No active profile set, falling back to default profiles: default
2020-06-30 16:21:42.174  INFO 6840 --- [main] o.s.b.w.embedded.tomcat.TomcatWebServer  : Tomcat initialized with port(s): 8202 (http)
2020-06-30 16:21:42.181  INFO 6840 --- [main] o.apache.catalina.core.StandardService   : Starting service [Tomcat]
2020-06-30 16:21:42.181  INFO 6840 --- [main] org.apache.catalina.core.StandardEngine  : Starting Servlet engine: [Apache Tomcat/9.0.27]
2020-06-30 16:21:42.248  INFO 6840 --- [main] o.a.c.c.C.[Tomcat].[localhost].[/]       : Initializing Spring embedded WebApplicationContext
2020-06-30 16:21:42.249  INFO 6840 --- [main] o.s.web.context.ContextLoader            : Root WebApplicationContext: initialization completed in 688 ms
2020-06-30 16:21:42.284  WARN 6840 --- [main] ConfigServletWebServerApplicationContext : Exception encountered during context initialization - cancelling refresh attempt: org.springframework.beans.factory.BeanCreationException: Error creating bean with name 'socketIoConfig': Injection of autowired dependencies failed; nested exception is java.lang.IllegalArgumentException: Could not resolve placeholder 'io.netty.allowCustomRequest' in value "${io.netty.allowCustomRequest}"
2020-06-30 16:21:42.286  INFO 6840 --- [main] o.apache.catalina.core.StandardService   : Stopping service [Tomcat]
2020-06-30 16:21:42.294  INFO 6840 --- [main] ConditionEvaluationReportLoggingListener : 

Error starting ApplicationContext. To display the conditions report re-run your application with 'debug' enabled.
2020-06-30 16:21:42.302 ERROR 6840 --- [main] o.s.boot.SpringApplication               : Application run failed

org.springframework.beans.factory.BeanCreationException: Error creating bean with name 'socketIoConfig': Injection of autowired dependencies failed; nested exception is java.lang.IllegalArgumentException: Could not resolve placeholder 'io.netty.allowCustomRequest' in value "${io.netty.allowCustomRequest}"
	at org.springframework.beans.factory.annotation.AutowiredAnnotationBeanPostProcessor.postProcessProperties(AutowiredAnnotationBeanPostProcessor.java:403) ~[spring-beans-5.2.0.RELEASE.jar:5.2.0.RELEASE]
	at org.springframework.beans.factory.support.AbstractAutowireCapableBeanFactory.populateBean(AbstractAutowireCapableBeanFactory.java:1429) ~[spring-beans-5.2.0.RELEASE.jar:5.2.0.RELEASE]
	at org.springframework.beans.factory.support.AbstractAutowireCapableBeanFactory.doCreateBean(AbstractAutowireCapableBeanFactory.java:594) ~[spring-beans-5.2.0.RELEASE.jar:5.2.0.RELEASE]
	at org.springframework.beans.factory.support.AbstractAutowireCapableBeanFactory.createBean(AbstractAutowireCapableBeanFactory.java:517) ~[spring-beans-5.2.0.RELEASE.jar:5.2.0.RELEASE]
	at org.springframework.beans.factory.support.AbstractBeanFactory.lambda$doGetBean$0(AbstractBeanFactory.java:323) ~[spring-beans-5.2.0.RELEASE.jar:5.2.0.RELEASE]
	at org.springframework.beans.factory.support.DefaultSingletonBeanRegistry.getSingleton(DefaultSingletonBeanRegistry.java:222) ~[spring-beans-5.2.0.RELEASE.jar:5.2.0.RELEASE]
	at org.springframework.beans.factory.support.AbstractBeanFactory.doGetBean(AbstractBeanFactory.java:321) ~[spring-beans-5.2.0.RELEASE.jar:5.2.0.RELEASE]
	at org.springframework.beans.factory.support.AbstractBeanFactory.getBean(AbstractBeanFactory.java:202) ~[spring-beans-5.2.0.RELEASE.jar:5.2.0.RELEASE]
	at org.springframework.beans.factory.support.DefaultListableBeanFactory.preInstantiateSingletons(DefaultListableBeanFactory.java:879) ~[spring-beans-5.2.0.RELEASE.jar:5.2.0.RELEASE]
	at org.springframework.context.support.AbstractApplicationContext.finishBeanFactoryInitialization(AbstractApplicationContext.java:878) ~[spring-context-5.2.0.RELEASE.jar:5.2.0.RELEASE]
	at org.springframework.context.support.AbstractApplicationContext.refresh(AbstractApplicationContext.java:550) ~[spring-context-5.2.0.RELEASE.jar:5.2.0.RELEASE]
	at org.springframework.boot.web.servlet.context.ServletWebServerApplicationContext.refresh(ServletWebServerApplicationContext.java:141) ~[spring-boot-2.2.0.RELEASE.jar:2.2.0.RELEASE]
	at org.springframework.boot.SpringApplication.refresh(SpringApplication.java:747) [spring-boot-2.2.0.RELEASE.jar:2.2.0.RELEASE]
	at org.springframework.boot.SpringApplication.refreshContext(SpringApplication.java:397) [spring-boot-2.2.0.RELEASE.jar:2.2.0.RELEASE]
	at org.springframework.boot.SpringApplication.run(SpringApplication.java:315) [spring-boot-2.2.0.RELEASE.jar:2.2.0.RELEASE]
	at org.springframework.boot.SpringApplication.run(SpringApplication.java:1226) [spring-boot-2.2.0.RELEASE.jar:2.2.0.RELEASE]
	at org.springframework.boot.SpringApplication.run(SpringApplication.java:1215) [spring-boot-2.2.0.RELEASE.jar:2.2.0.RELEASE]
	at com.xue.study.NettySSStarter.main(NettySSStarter.java:17) [classes/:na]
Caused by: java.lang.IllegalArgumentException: Could not resolve placeholder 'io.netty.allowCustomRequest' in value "${io.netty.allowCustomRequest}"
	at org.springframework.util.PropertyPlaceholderHelper.parseStringValue(PropertyPlaceholderHelper.java:178) ~[spring-core-5.2.0.RELEASE.jar:5.2.0.RELEASE]
	at org.springframework.util.PropertyPlaceholderHelper.replacePlaceholders(PropertyPlaceholderHelper.java:124) ~[spring-core-5.2.0.RELEASE.jar:5.2.0.RELEASE]
	at org.springframework.core.env.AbstractPropertyResolver.doResolvePlaceholders(AbstractPropertyResolver.java:236) ~[spring-core-5.2.0.RELEASE.jar:5.2.0.RELEASE]
	at org.springframework.core.env.AbstractPropertyResolver.resolveRequiredPlaceholders(AbstractPropertyResolver.java:210) ~[spring-core-5.2.0.RELEASE.jar:5.2.0.RELEASE]
	at org.springframework.context.support.PropertySourcesPlaceholderConfigurer.lambda$processProperties$0(PropertySourcesPlaceholderConfigurer.java:175) ~[spring-context-5.2.0.RELEASE.jar:5.2.0.RELEASE]
	at org.springframework.beans.factory.support.AbstractBeanFactory.resolveEmbeddedValue(AbstractBeanFactory.java:908) ~[spring-beans-5.2.0.RELEASE.jar:5.2.0.RELEASE]
	at org.springframework.beans.factory.support.DefaultListableBeanFactory.doResolveDependency(DefaultListableBeanFactory.java:1228) ~[spring-beans-5.2.0.RELEASE.jar:5.2.0.RELEASE]
	at org.springframework.beans.factory.support.DefaultListableBeanFactory.resolveDependency(DefaultListableBeanFactory.java:1207) ~[spring-beans-5.2.0.RELEASE.jar:5.2.0.RELEASE]
	at org.springframework.beans.factory.annotation.AutowiredAnnotationBeanPostProcessor$AutowiredFieldElement.inject(AutowiredAnnotationBeanPostProcessor.java:636) ~[spring-beans-5.2.0.RELEASE.jar:5.2.0.RELEASE]
	at org.springframework.beans.factory.annotation.InjectionMetadata.inject(InjectionMetadata.java:116) ~[spring-beans-5.2.0.RELEASE.jar:5.2.0.RELEASE]
	at org.springframework.beans.factory.annotation.AutowiredAnnotationBeanPostProcessor.postProcessProperties(AutowiredAnnotationBeanPostProcessor.java:397) ~[spring-beans-5.2.0.RELEASE.jar:5.2.0.RELEASE]
	... 17 common frames omitted

2020-06-30 16:22:32.948  INFO 2884 --- [main] com.xue.study.NettySSStarter             : Starting NettySSStarter on WIN-0AJUGA8QAC6 with PID 2884 (F:\2020\pro\network-training\netty-serversocket\target\classes started by Administrator in F:\2020\pro\network-training)
2020-06-30 16:22:32.952  INFO 2884 --- [main] com.xue.study.NettySSStarter             : No active profile set, falling back to default profiles: default
2020-06-30 16:22:33.641  INFO 2884 --- [main] o.s.b.w.embedded.tomcat.TomcatWebServer  : Tomcat initialized with port(s): 8202 (http)
2020-06-30 16:22:33.647  INFO 2884 --- [main] o.apache.catalina.core.StandardService   : Starting service [Tomcat]
2020-06-30 16:22:33.648  INFO 2884 --- [main] org.apache.catalina.core.StandardEngine  : Starting Servlet engine: [Apache Tomcat/9.0.27]
2020-06-30 16:22:33.711  INFO 2884 --- [main] o.a.c.c.C.[Tomcat].[localhost].[/]       : Initializing Spring embedded WebApplicationContext
2020-06-30 16:22:33.711  INFO 2884 --- [main] o.s.web.context.ContextLoader            : Root WebApplicationContext: initialization completed in 696 ms
2020-06-30 16:23:15.902  INFO 2884 --- [main] o.s.s.concurrent.ThreadPoolTaskExecutor  : Initializing ExecutorService 'applicationTaskExecutor'
2020-06-30 16:23:16.041  INFO 2884 --- [main] o.s.b.w.embedded.tomcat.TomcatWebServer  : Tomcat started on port(s): 8202 (http) with context path ''
2020-06-30 16:23:16.045  INFO 2884 --- [main] com.xue.study.NettySSStarter             : Started NettySSStarter in 43.501 seconds (JVM running for 44.165)
2020-06-30 16:23:16.046  INFO 2884 --- [main] com.xue.study.NettySSStarter             : ### welcome to netty-serversocket ###
2020-06-30 16:53:16.786  INFO 2884 --- [SpringContextShutdownHook] o.s.s.concurrent.ThreadPoolTaskExecutor  : Shutting down ExecutorService 'applicationTaskExecutor'
2020-06-30 16:53:21.108  INFO 11872 --- [main] com.xue.study.NettySSStarter             : Starting NettySSStarter on WIN-0AJUGA8QAC6 with PID 11872 (F:\2020\pro\network-training\netty-serversocket\target\classes started by Administrator in F:\2020\pro\network-training)
2020-06-30 16:53:21.111  INFO 11872 --- [main] com.xue.study.NettySSStarter             : No active profile set, falling back to default profiles: default
2020-06-30 16:53:21.793  INFO 11872 --- [main] o.s.b.w.embedded.tomcat.TomcatWebServer  : Tomcat initialized with port(s): 8202 (http)
2020-06-30 16:53:21.801  INFO 11872 --- [main] o.apache.catalina.core.StandardService   : Starting service [Tomcat]
2020-06-30 16:53:21.801  INFO 11872 --- [main] org.apache.catalina.core.StandardEngine  : Starting Servlet engine: [Apache Tomcat/9.0.27]
2020-06-30 16:53:21.866  INFO 11872 --- [main] o.a.c.c.C.[Tomcat].[localhost].[/]       : Initializing Spring embedded WebApplicationContext
2020-06-30 16:53:21.867  INFO 11872 --- [main] o.s.web.context.ContextLoader            : Root WebApplicationContext: initialization completed in 711 ms
2020-06-30 16:53:21.947  INFO 11872 --- [main] c.c.socketio.SocketIOServer              : Session store / pubsub factory used: MemoryStoreFactory (local session store only)
2020-06-30 16:53:22.264  INFO 11872 --- [nioEventLoopGroup-2-1] c.c.socketio.SocketIOServer              : SocketIO server started at port: 9999
2020-06-30 16:53:22.349  INFO 11872 --- [main] o.s.s.concurrent.ThreadPoolTaskExecutor  : Initializing ExecutorService 'applicationTaskExecutor'
2020-06-30 16:53:22.473  INFO 11872 --- [main] o.s.b.w.embedded.tomcat.TomcatWebServer  : Tomcat started on port(s): 8202 (http) with context path ''
2020-06-30 16:53:22.475  INFO 11872 --- [main] com.xue.study.NettySSStarter             : Started NettySSStarter in 1.747 seconds (JVM running for 2.417)
2020-06-30 16:53:22.476  INFO 11872 --- [main] com.xue.study.NettySSStarter             : ### welcome to netty-serversocket ###
2020-06-30 16:55:52.583  INFO 11872 --- [SpringContextShutdownHook] o.s.s.concurrent.ThreadPoolTaskExecutor  : Shutting down ExecutorService 'applicationTaskExecutor'
2020-06-30 16:55:52.584  INFO 11872 --- [SpringContextShutdownHook] c.c.socketio.SocketIOServer              : Session store / pubsub factory used: MemoryStoreFactory (local session store only)
2020-06-30 16:55:52.636 ERROR 11872 --- [nioEventLoopGroup-4-1] c.c.socketio.SocketIOServer              : SocketIO server start failed at port: 9999!
2020-06-30 16:55:52.636  WARN 11872 --- [SpringContextShutdownHook] .s.c.a.CommonAnnotationBeanPostProcessor : Destroy method on bean with name 'socketIoServiceImpl' threw an exception: java.net.BindException: Address already in use: bind
2020-06-30 16:58:26.394  INFO 19596 --- [main] com.xue.study.NettySSStarter             : Starting NettySSStarter on WIN-0AJUGA8QAC6 with PID 19596 (F:\2020\pro\network-training\netty-serversocket\target\classes started by Administrator in F:\2020\pro\network-training)
2020-06-30 16:58:26.400  INFO 19596 --- [main] com.xue.study.NettySSStarter             : No active profile set, falling back to default profiles: default
2020-06-30 16:58:27.085  INFO 19596 --- [main] o.s.b.w.embedded.tomcat.TomcatWebServer  : Tomcat initialized with port(s): 8202 (http)
2020-06-30 16:58:27.092  INFO 19596 --- [main] o.apache.catalina.core.StandardService   : Starting service [Tomcat]
2020-06-30 16:58:27.092  INFO 19596 --- [main] org.apache.catalina.core.StandardEngine  : Starting Servlet engine: [Apache Tomcat/9.0.27]
2020-06-30 16:58:27.163  INFO 19596 --- [main] o.a.c.c.C.[Tomcat].[localhost].[/]       : Initializing Spring embedded WebApplicationContext
2020-06-30 16:58:27.163  INFO 19596 --- [main] o.s.web.context.ContextLoader            : Root WebApplicationContext: initialization completed in 706 ms
2020-06-30 16:58:35.037  INFO 19596 --- [main] c.c.socketio.SocketIOServer              : Session store / pubsub factory used: MemoryStoreFactory (local session store only)
2020-06-30 16:58:35.615  INFO 19596 --- [nioEventLoopGroup-2-1] c.c.socketio.SocketIOServer              : SocketIO server started at port: 9999
2020-06-30 16:58:39.934  INFO 19596 --- [main] o.s.s.concurrent.ThreadPoolTaskExecutor  : Initializing ExecutorService 'applicationTaskExecutor'
2020-06-30 16:58:40.053  INFO 19596 --- [main] o.s.b.w.embedded.tomcat.TomcatWebServer  : Tomcat started on port(s): 8202 (http) with context path ''
2020-06-30 16:58:40.056  INFO 19596 --- [main] com.xue.study.NettySSStarter             : Started NettySSStarter in 14.078 seconds (JVM running for 14.717)
2020-06-30 16:58:40.057  INFO 19596 --- [main] com.xue.study.NettySSStarter             : ### welcome to netty-serversocket ###
2020-06-30 16:59:09.472  INFO 19596 --- [SpringContextShutdownHook] o.s.s.concurrent.ThreadPoolTaskExecutor  : Shutting down ExecutorService 'applicationTaskExecutor'
2020-06-30 16:59:09.473  INFO 19596 --- [SpringContextShutdownHook] c.c.socketio.SocketIOServer              : Session store / pubsub factory used: MemoryStoreFactory (local session store only)
2020-06-30 16:59:09.522  WARN 19596 --- [SpringContextShutdownHook] .s.c.a.CommonAnnotationBeanPostProcessor : Destroy method on bean with name 'socketIoServiceImpl' threw an exception: java.net.BindException: Address already in use: bind
2020-06-30 16:59:09.522 ERROR 19596 --- [nioEventLoopGroup-4-1] c.c.socketio.SocketIOServer              : SocketIO server start failed at port: 9999!
2020-06-30 17:03:27.694  INFO 21128 --- [main] com.xue.study.NettySSStarter             : Starting NettySSStarter on WIN-0AJUGA8QAC6 with PID 21128 (F:\2020\pro\network-training\netty-serversocket\target\classes started by Administrator in F:\2020\pro\network-training)
2020-06-30 17:03:27.697  INFO 21128 --- [main] com.xue.study.NettySSStarter             : No active profile set, falling back to default profiles: default
2020-06-30 17:03:28.372  INFO 21128 --- [main] o.s.b.w.embedded.tomcat.TomcatWebServer  : Tomcat initialized with port(s): 8202 (http)
2020-06-30 17:03:28.379  INFO 21128 --- [main] o.apache.catalina.core.StandardService   : Starting service [Tomcat]
2020-06-30 17:03:28.380  INFO 21128 --- [main] org.apache.catalina.core.StandardEngine  : Starting Servlet engine: [Apache Tomcat/9.0.27]
2020-06-30 17:03:28.442  INFO 21128 --- [main] o.a.c.c.C.[Tomcat].[localhost].[/]       : Initializing Spring embedded WebApplicationContext
2020-06-30 17:03:28.443  INFO 21128 --- [main] o.s.web.context.ContextLoader            : Root WebApplicationContext: initialization completed in 704 ms
2020-06-30 17:04:35.925  INFO 21128 --- [main] c.c.socketio.SocketIOServer              : Session store / pubsub factory used: MemoryStoreFactory (local session store only)
2020-06-30 17:04:36.577  INFO 21128 --- [nioEventLoopGroup-2-1] c.c.socketio.SocketIOServer              : SocketIO server started at port: 9999
2020-06-30 17:04:43.848  INFO 21128 --- [main] o.s.s.concurrent.ThreadPoolTaskExecutor  : Initializing ExecutorService 'applicationTaskExecutor'
2020-06-30 17:04:43.967  INFO 21128 --- [main] o.s.b.w.embedded.tomcat.TomcatWebServer  : Tomcat started on port(s): 8202 (http) with context path ''
2020-06-30 17:04:43.969  INFO 21128 --- [main] com.xue.study.NettySSStarter             : Started NettySSStarter in 76.661 seconds (JVM running for 77.315)
2020-06-30 17:04:43.971  INFO 21128 --- [main] com.xue.study.NettySSStarter             : ### welcome to netty-serversocket ###
2020-06-30 17:05:44.992  INFO 21128 --- [http-nio-8202-exec-1] o.a.c.c.C.[Tomcat].[localhost].[/]       : Initializing Spring DispatcherServlet 'dispatcherServlet'
2020-06-30 17:05:44.992  INFO 21128 --- [http-nio-8202-exec-1] o.s.web.servlet.DispatcherServlet        : Initializing Servlet 'dispatcherServlet'
2020-06-30 17:05:45.003  INFO 21128 --- [http-nio-8202-exec-1] o.s.web.servlet.DispatcherServlet        : Completed initialization in 10 ms
2020-06-30 17:07:28.400  INFO 21128 --- [SpringContextShutdownHook] o.s.s.concurrent.ThreadPoolTaskExecutor  : Shutting down ExecutorService 'applicationTaskExecutor'
2020-06-30 17:07:28.401  INFO 21128 --- [SpringContextShutdownHook] c.c.socketio.SocketIOServer              : Session store / pubsub factory used: MemoryStoreFactory (local session store only)
2020-06-30 17:07:28.462 ERROR 21128 --- [nioEventLoopGroup-4-1] c.c.socketio.SocketIOServer              : SocketIO server start failed at port: 9999!
2020-06-30 17:07:28.462  WARN 21128 --- [SpringContextShutdownHook] .s.c.a.CommonAnnotationBeanPostProcessor : Destroy method on bean with name 'socketIoServiceImpl' threw an exception: java.net.BindException: Address already in use: bind
2020-06-30 17:07:32.185  INFO 14432 --- [main] com.xue.study.NettySSStarter             : Starting NettySSStarter on WIN-0AJUGA8QAC6 with PID 14432 (F:\2020\pro\network-training\netty-serversocket\target\classes started by Administrator in F:\2020\pro\network-training)
2020-06-30 17:07:32.188  INFO 14432 --- [main] com.xue.study.NettySSStarter             : No active profile set, falling back to default profiles: default
2020-06-30 17:07:32.853  INFO 14432 --- [main] o.s.b.w.embedded.tomcat.TomcatWebServer  : Tomcat initialized with port(s): 8202 (http)
2020-06-30 17:07:32.860  INFO 14432 --- [main] o.apache.catalina.core.StandardService   : Starting service [Tomcat]
2020-06-30 17:07:32.860  INFO 14432 --- [main] org.apache.catalina.core.StandardEngine  : Starting Servlet engine: [Apache Tomcat/9.0.27]
2020-06-30 17:07:32.925  INFO 14432 --- [main] o.a.c.c.C.[Tomcat].[localhost].[/]       : Initializing Spring embedded WebApplicationContext
2020-06-30 17:07:32.925  INFO 14432 --- [main] o.s.web.context.ContextLoader            : Root WebApplicationContext: initialization completed in 696 ms
2020-06-30 17:07:33.006  INFO 14432 --- [main] c.c.socketio.SocketIOServer              : Session store / pubsub factory used: MemoryStoreFactory (local session store only)
2020-06-30 17:07:33.270  INFO 14432 --- [nioEventLoopGroup-2-1] c.c.socketio.SocketIOServer              : SocketIO server started at port: 9999
2020-06-30 17:07:33.354  INFO 14432 --- [main] o.s.s.concurrent.ThreadPoolTaskExecutor  : Initializing ExecutorService 'applicationTaskExecutor'
2020-06-30 17:07:33.468  INFO 14432 --- [main] o.s.b.w.embedded.tomcat.TomcatWebServer  : Tomcat started on port(s): 8202 (http) with context path ''
2020-06-30 17:07:33.471  INFO 14432 --- [main] com.xue.study.NettySSStarter             : Started NettySSStarter in 1.662 seconds (JVM running for 2.413)
2020-06-30 17:07:33.472  INFO 14432 --- [main] com.xue.study.NettySSStarter             : ### welcome to netty-serversocket ###
2020-06-30 17:08:11.695  INFO 14432 --- [http-nio-8202-exec-1] o.a.c.c.C.[Tomcat].[localhost].[/]       : Initializing Spring DispatcherServlet 'dispatcherServlet'
2020-06-30 17:08:11.696  INFO 14432 --- [http-nio-8202-exec-1] o.s.web.servlet.DispatcherServlet        : Initializing Servlet 'dispatcherServlet'
2020-06-30 17:08:11.705  INFO 14432 --- [http-nio-8202-exec-1] o.s.web.servlet.DispatcherServlet        : Completed initialization in 9 ms
2020-06-30 17:09:52.331  INFO 14432 --- [SpringContextShutdownHook] o.s.s.concurrent.ThreadPoolTaskExecutor  : Shutting down ExecutorService 'applicationTaskExecutor'
2020-06-30 17:09:56.649  INFO 14432 --- [SpringContextShutdownHook] c.c.socketio.SocketIOServer              : SocketIO server stopped
2020-06-30 17:10:00.126  INFO 21688 --- [main] com.xue.study.NettySSStarter             : Starting NettySSStarter on WIN-0AJUGA8QAC6 with PID 21688 (F:\2020\pro\network-training\netty-serversocket\target\classes started by Administrator in F:\2020\pro\network-training)
2020-06-30 17:10:00.129  INFO 21688 --- [main] com.xue.study.NettySSStarter             : No active profile set, falling back to default profiles: default
2020-06-30 17:10:00.846  INFO 21688 --- [main] o.s.b.w.embedded.tomcat.TomcatWebServer  : Tomcat initialized with port(s): 8202 (http)
2020-06-30 17:10:00.853  INFO 21688 --- [main] o.apache.catalina.core.StandardService   : Starting service [Tomcat]
2020-06-30 17:10:00.854  INFO 21688 --- [main] org.apache.catalina.core.StandardEngine  : Starting Servlet engine: [Apache Tomcat/9.0.27]
2020-06-30 17:10:00.919  INFO 21688 --- [main] o.a.c.c.C.[Tomcat].[localhost].[/]       : Initializing Spring embedded WebApplicationContext
2020-06-30 17:10:00.919  INFO 21688 --- [main] o.s.web.context.ContextLoader            : Root WebApplicationContext: initialization completed in 745 ms
2020-06-30 17:10:01.000  INFO 21688 --- [main] c.c.socketio.SocketIOServer              : Session store / pubsub factory used: MemoryStoreFactory (local session store only)
2020-06-30 17:10:01.271  INFO 21688 --- [nioEventLoopGroup-2-1] c.c.socketio.SocketIOServer              : SocketIO server started at port: 9999
2020-06-30 17:10:01.355  INFO 21688 --- [main] o.s.s.concurrent.ThreadPoolTaskExecutor  : Initializing ExecutorService 'applicationTaskExecutor'
2020-06-30 17:10:01.469  INFO 21688 --- [main] o.s.b.w.embedded.tomcat.TomcatWebServer  : Tomcat started on port(s): 8202 (http) with context path ''
2020-06-30 17:10:01.471  INFO 21688 --- [main] com.xue.study.NettySSStarter             : Started NettySSStarter in 1.716 seconds (JVM running for 2.324)
2020-06-30 17:10:01.472  INFO 21688 --- [main] com.xue.study.NettySSStarter             : ### welcome to netty-serversocket ###
2020-06-30 17:10:54.113  INFO 21688 --- [SpringContextShutdownHook] o.s.s.concurrent.ThreadPoolTaskExecutor  : Shutting down ExecutorService 'applicationTaskExecutor'
2020-06-30 17:10:58.451  INFO 21688 --- [SpringContextShutdownHook] c.c.socketio.SocketIOServer              : SocketIO server stopped
2020-06-30 17:11:01.683  INFO 18004 --- [main] com.xue.study.NettySSStarter             : Starting NettySSStarter on WIN-0AJUGA8QAC6 with PID 18004 (F:\2020\pro\network-training\netty-serversocket\target\classes started by Administrator in F:\2020\pro\network-training)
2020-06-30 17:11:01.686  INFO 18004 --- [main] com.xue.study.NettySSStarter             : No active profile set, falling back to default profiles: default
2020-06-30 17:11:02.361  INFO 18004 --- [main] o.s.b.w.embedded.tomcat.TomcatWebServer  : Tomcat initialized with port(s): 8202 (http)
2020-06-30 17:11:02.367  INFO 18004 --- [main] o.apache.catalina.core.StandardService   : Starting service [Tomcat]
2020-06-30 17:11:02.368  INFO 18004 --- [main] org.apache.catalina.core.StandardEngine  : Starting Servlet engine: [Apache Tomcat/9.0.27]
2020-06-30 17:11:02.431  INFO 18004 --- [main] o.a.c.c.C.[Tomcat].[localhost].[/]       : Initializing Spring embedded WebApplicationContext
2020-06-30 17:11:02.431  INFO 18004 --- [main] o.s.web.context.ContextLoader            : Root WebApplicationContext: initialization completed in 701 ms
2020-06-30 17:11:02.511  INFO 18004 --- [main] c.c.socketio.SocketIOServer              : Session store / pubsub factory used: MemoryStoreFactory (local session store only)
2020-06-30 17:11:02.769  INFO 18004 --- [nioEventLoopGroup-2-1] c.c.socketio.SocketIOServer              : SocketIO server started at port: 9999
2020-06-30 17:11:02.855  INFO 18004 --- [main] o.s.s.concurrent.ThreadPoolTaskExecutor  : Initializing ExecutorService 'applicationTaskExecutor'
2020-06-30 17:11:02.968  INFO 18004 --- [main] o.s.b.w.embedded.tomcat.TomcatWebServer  : Tomcat started on port(s): 8202 (http) with context path ''
2020-06-30 17:11:02.970  INFO 18004 --- [main] com.xue.study.NettySSStarter             : Started NettySSStarter in 1.651 seconds (JVM running for 2.297)
2020-06-30 17:11:02.972  INFO 18004 --- [main] com.xue.study.NettySSStarter             : ### welcome to netty-serversocket ###
2020-06-30 17:14:44.101  INFO 18004 --- [SpringContextShutdownHook] o.s.s.concurrent.ThreadPoolTaskExecutor  : Shutting down ExecutorService 'applicationTaskExecutor'
2020-06-30 17:14:48.417  INFO 18004 --- [SpringContextShutdownHook] c.c.socketio.SocketIOServer              : SocketIO server stopped
2020-06-30 17:14:52.131  INFO 10504 --- [main] com.xue.study.NettySSStarter             : Starting NettySSStarter on WIN-0AJUGA8QAC6 with PID 10504 (F:\2020\pro\network-training\netty-serversocket\target\classes started by Administrator in F:\2020\pro\network-training)
2020-06-30 17:14:52.135  INFO 10504 --- [main] com.xue.study.NettySSStarter             : No active profile set, falling back to default profiles: default
2020-06-30 17:14:52.901  INFO 10504 --- [main] o.s.b.w.embedded.tomcat.TomcatWebServer  : Tomcat initialized with port(s): 8202 (http)
2020-06-30 17:14:52.908  INFO 10504 --- [main] o.apache.catalina.core.StandardService   : Starting service [Tomcat]
2020-06-30 17:14:52.909  INFO 10504 --- [main] org.apache.catalina.core.StandardEngine  : Starting Servlet engine: [Apache Tomcat/9.0.27]
2020-06-30 17:14:52.977  INFO 10504 --- [main] o.a.c.c.C.[Tomcat].[localhost].[/]       : Initializing Spring embedded WebApplicationContext
2020-06-30 17:14:52.977  INFO 10504 --- [main] o.s.web.context.ContextLoader            : Root WebApplicationContext: initialization completed in 792 ms
2020-06-30 17:14:53.066  INFO 10504 --- [main] c.c.socketio.SocketIOServer              : Session store / pubsub factory used: MemoryStoreFactory (local session store only)
2020-06-30 17:14:53.334  INFO 10504 --- [nioEventLoopGroup-2-1] c.c.socketio.SocketIOServer              : SocketIO server started at port: 9999
2020-06-30 17:14:53.417  INFO 10504 --- [main] o.s.s.concurrent.ThreadPoolTaskExecutor  : Initializing ExecutorService 'applicationTaskExecutor'
2020-06-30 17:14:53.534  INFO 10504 --- [main] o.s.b.w.embedded.tomcat.TomcatWebServer  : Tomcat started on port(s): 8202 (http) with context path ''
2020-06-30 17:14:53.537  INFO 10504 --- [main] com.xue.study.NettySSStarter             : Started NettySSStarter in 1.778 seconds (JVM running for 2.438)
2020-06-30 17:14:53.538  INFO 10504 --- [main] com.xue.study.NettySSStarter             : ### welcome to netty-serversocket ###
2020-06-30 17:15:34.324  INFO 10504 --- [http-nio-8202-exec-1] o.a.c.c.C.[Tomcat].[localhost].[/]       : Initializing Spring DispatcherServlet 'dispatcherServlet'
2020-06-30 17:15:34.324  INFO 10504 --- [http-nio-8202-exec-1] o.s.web.servlet.DispatcherServlet        : Initializing Servlet 'dispatcherServlet'
2020-06-30 17:15:34.328  INFO 10504 --- [http-nio-8202-exec-1] o.s.web.servlet.DispatcherServlet        : Completed initialization in 4 ms
2020-06-30 17:56:47.495  INFO 10504 --- [SpringContextShutdownHook] o.s.s.concurrent.ThreadPoolTaskExecutor  : Shutting down ExecutorService 'applicationTaskExecutor'
2020-06-30 17:56:51.905  INFO 10504 --- [SpringContextShutdownHook] c.c.socketio.SocketIOServer              : SocketIO server stopped
